+l
No symbol table is loaded.  Use the "file" command.
+quit
+l
No symbol table is loaded.  Use the "file" command.
+l
No symbol table is loaded.  Use the "file" command.
+quit
+l
No symbol table is loaded.  Use the "file" command.
+l
No symbol table is loaded.  Use the "file" command.
+q
+l
No symbol table is loaded.  Use the "file" command.
+l
No symbol table is loaded.  Use the "file" command.
+l
No symbol table is loaded.  Use the "file" command.
+cd "c:\Users\thush\github-classroom\FPC-advanced\fpc-advanced-classroom-1st-year-assignment-tfthushaar\set01"
"c:\Users\thush\github-classroom\FPC-advanced\fpc-advanced-classroom-1st-year-assignment-tfthushaar\set01": Invalid argument.
+gdb ./problem02
Undefined command: "gdb".  Try "help".
+c
The program is not being run.
+set logging file problem02_debug.log
+set logging enabled on
Undefined set logging command: "enabled on".  Try "help set logging".
+set logging on
Already logging to problem02_debug.log.
+set trace-commands on
+cd "c:\Users\thush\github-classroom\FPC-advanced\fpc-advanced-classroom-1st-year-assignment-tfthushaar\set01"
"c:\Users\thush\github-classroom\FPC-advanced\fpc-advanced-classroom-1st-year-assignment-tfthushaar\set01": Invalid argument.
+gdb ./problem04
Undefined command: "gdb".  Try "help".
+c
The program is not being run.
+set logging file problem04_debug.log
+set logging enabled on
Undefined set logging command: "enabled on".  Try "help set logging".
+set logging on
Already logging to problem02_debug.log.
+set trace-commands on
+git add .
Undefined command: "git".  Try "help".
+git commit -m "committed 11/16/2023, 4:16:53 PM"
Undefined command: "git".  Try "help".
+git push
Undefined command: "git".  Try "help".
