+L
11	    sum=a+b;
12	    return sum;
13	}
14	void output(int a, int b, int sum){
15	    printf("the sum of %f and %f is %f", a, b, sum);
16	}
17	int main()
18	{
19	    int num1, num2, result;
20	    num1=input();
+b 10
Breakpoint 1 at 0x401490: file c:\Users\thush\github-classroom\FPC-advanced\fpc-advanced-classroom-1st-year-assignment-tfthushaar\set01\problem03.c, line 10.
+b 7
Breakpoint 2 at 0x401488: file c:\Users\thush\github-classroom\FPC-advanced\fpc-advanced-classroom-1st-year-assignment-tfthushaar\set01\problem03.c, line 7.
+b main
Breakpoint 3 at 0x4014d8: file c:\Users\thush\github-classroom\FPC-advanced\fpc-advanced-classroom-1st-year-assignment-tfthushaar\set01\problem03.c, line 20.
+info b
Num     Type           Disp Enb Address    What
1       breakpoint     keep y   0x00401490 in add 
                                           at c:\Users\thush\github-classroom\FPC-advanced\fpc-advanced-classroom-1st-year-assignment-tfthushaar\set01\problem03.c:10
2       breakpoint     keep y   0x00401488 in input 
                                           at c:\Users\thush\github-classroom\FPC-advanced\fpc-advanced-classroom-1st-year-assignment-tfthushaar\set01\problem03.c:7
3       breakpoint     keep y   0x004014d8 in main 
                                           at c:\Users\thush\github-classroom\FPC-advanced\fpc-advanced-classroom-1st-year-assignment-tfthushaar\set01\problem03.c:20
+r
Starting program: c:\Users\thush\github-classroom\FPC-advanced\fpc-advanced-classroom-1st-year-assignment-tfthushaar\set01/./problem03.exe 
[New Thread 18508.0x4d90]
[New Thread 18508.0x30ec]

Breakpoint 3, main () at c:\Users\thush\github-classroom\FPC-advanced\fpc-advanced-classroom-1st-year-assignment-tfthushaar\set01\problem03.c:20
20	    num1=input();
+n

Breakpoint 2, input () at c:\Users\thush\github-classroom\FPC-advanced\fpc-advanced-classroom-1st-year-assignment-tfthushaar\set01\problem03.c:7
7	}
+n
main () at c:\Users\thush\github-classroom\FPC-advanced\fpc-advanced-classroom-1st-year-assignment-tfthushaar\set01\problem03.c:21
21	    num2=input();
+p num1
$1 = 1084227584
+n

Breakpoint 2, input () at c:\Users\thush\github-classroom\FPC-advanced\fpc-advanced-classroom-1st-year-assignment-tfthushaar\set01\problem03.c:7
7	}
+p num1
No symbol "num1" in current context.
+p num1
No symbol "num1" in current context.
+n
main () at c:\Users\thush\github-classroom\FPC-advanced\fpc-advanced-classroom-1st-year-assignment-tfthushaar\set01\problem03.c:22
22	    result = add(num1, num2);
+p num1
$2 = 1084227584
+p num2
$3 = 1086324736
+n

Breakpoint 1, add (a=1084227584, b=1086324736)
    at c:\Users\thush\github-classroom\FPC-advanced\fpc-advanced-classroom-1st-year-assignment-tfthushaar\set01\problem03.c:11
11	    sum=a+b;
+n
12	    return sum;
+nn
Undefined command: "nn".  Try "help".
+n
13	}
+q
A debugging session is active.

	Inferior 1 [process 18508] will be killed.

Quit anyway? (y or n) error return ../../gdb-7.6.1/gdb/windows-nat.c:1275 was 5
+l
warning: Source file is more recent than executable.
11	    sum=a+b;
12	    return sum;
13	}
14	void output(int a, int b, int sum){
15	    printf("the sum of %d and %d is %d", a, b, sum);
16	}
17	int main()
18	{
19	    int num1, num2, result;
20	    num1=input();
+b main
Breakpoint 1 at 0x4014d8: file c:\Users\thush\github-classroom\FPC-advanced\fpc-advanced-classroom-1st-year-assignment-tfthushaar\set01\problem03.c, line 20.
+b 10
Breakpoint 2 at 0x401490: file c:\Users\thush\github-classroom\FPC-advanced\fpc-advanced-classroom-1st-year-assignment-tfthushaar\set01\problem03.c, line 10.
+b 7
Breakpoint 3 at 0x401488: file c:\Users\thush\github-classroom\FPC-advanced\fpc-advanced-classroom-1st-year-assignment-tfthushaar\set01\problem03.c, line 7.
+b 15
Breakpoint 4 at 0x4014a6: file c:\Users\thush\github-classroom\FPC-advanced\fpc-advanced-classroom-1st-year-assignment-tfthushaar\set01\problem03.c, line 15.
+r
Starting program: c:\Users\thush\github-classroom\FPC-advanced\fpc-advanced-classroom-1st-year-assignment-tfthushaar\set01/./problem03.exe 
[New Thread 3620.0xaf4]
[New Thread 3620.0x49f0]

Breakpoint 1, main () at c:\Users\thush\github-classroom\FPC-advanced\fpc-advanced-classroom-1st-year-assignment-tfthushaar\set01\problem03.c:20
20	    num1=input();
+4
Undefined command: "4".  Try "help".
+n 

Breakpoint 3, input () at c:\Users\thush\github-classroom\FPC-advanced\fpc-advanced-classroom-1st-year-assignment-tfthushaar\set01\problem03.c:7
7	}
+n
main () at c:\Users\thush\github-classroom\FPC-advanced\fpc-advanced-classroom-1st-year-assignment-tfthushaar\set01\problem03.c:21
21	    num2=input();
+n

Breakpoint 3, input () at c:\Users\thush\github-classroom\FPC-advanced\fpc-advanced-classroom-1st-year-assignment-tfthushaar\set01\problem03.c:7
7	}
+n
main () at c:\Users\thush\github-classroom\FPC-advanced\fpc-advanced-classroom-1st-year-assignment-tfthushaar\set01\problem03.c:22
22	    result = add(num1, num2);
+p num1
$1 = 1082130432
+q
A debugging session is active.

	Inferior 1 [process 3620] will be killed.

Quit anyway? (y or n) error return ../../gdb-7.6.1/gdb/windows-nat.c:1275 was 5
+l
warning: Source file is more recent than executable.
11	    sum=a+b;
12	    return sum;
13	}
14	void output(int a, int b, int sum){
15	    printf("the sum of %d and %d is %d", a, b, sum);
16	}
17	int main()
18	{
19	    int num1, num2, result;
20	    num1=input();
+b 3
Breakpoint 1 at 0x401466: file c:\Users\thush\github-classroom\FPC-advanced\fpc-advanced-classroom-1st-year-assignment-tfthushaar\set01\problem03.c, line 3.
+b 10
Breakpoint 2 at 0x401490: file c:\Users\thush\github-classroom\FPC-advanced\fpc-advanced-classroom-1st-year-assignment-tfthushaar\set01\problem03.c, line 10.
+b 20
Breakpoint 3 at 0x4014d8: file c:\Users\thush\github-classroom\FPC-advanced\fpc-advanced-classroom-1st-year-assignment-tfthushaar\set01\problem03.c, line 20.
+b 22
Breakpoint 4 at 0x4014ea: file c:\Users\thush\github-classroom\FPC-advanced\fpc-advanced-classroom-1st-year-assignment-tfthushaar\set01\problem03.c, line 22.
+b 23
Breakpoint 5 at 0x401502: file c:\Users\thush\github-classroom\FPC-advanced\fpc-advanced-classroom-1st-year-assignment-tfthushaar\set01\problem03.c, line 23.
+b 15
Breakpoint 6 at 0x4014a6: file c:\Users\thush\github-classroom\FPC-advanced\fpc-advanced-classroom-1st-year-assignment-tfthushaar\set01\problem03.c, line 15.
+r
Starting program: c:\Users\thush\github-classroom\FPC-advanced\fpc-advanced-classroom-1st-year-assignment-tfthushaar\set01/./problem03.exe 
[New Thread 17688.0x3804]
[New Thread 17688.0x4e2c]

Breakpoint 3, main () at c:\Users\thush\github-classroom\FPC-advanced\fpc-advanced-classroom-1st-year-assignment-tfthushaar\set01\problem03.c:20
20	    num1=input();
+n

Breakpoint 1, input () at c:\Users\thush\github-classroom\FPC-advanced\fpc-advanced-classroom-1st-year-assignment-tfthushaar\set01\problem03.c:4
4	printf("enter the number: ");
+n
5	scanf("%d", &num);
+3
Undefined command: "3".  Try "help".
+n
6	return num;
+p num
$1 = 1077936128
+p &num
$2 = (int *) 0x61feec
+n
7	}
+n
main () at c:\Users\thush\github-classroom\FPC-advanced\fpc-advanced-classroom-1st-year-assignment-tfthushaar\set01\problem03.c:21
21	    num2=input();
+p num1
$3 = 1077936128
+op num2
Undefined command: "op".  Try "help".
+p num2
$4 = 0
+quit
A debugging session is active.

	Inferior 1 [process 17688] will be killed.

Quit anyway? (y or n) error return ../../gdb-7.6.1/gdb/windows-nat.c:1275 was 5
+l
warning: Source file is more recent than executable.
11	    sum=a+b;
12	    return sum;
13	}
14	void output(int a, int b, int sum){
15	    printf("the sum of %d and %d is %d", a, b, sum);
16	}
17	int main()
18	{
19	    int num1, num2, result;
20	    num1=input();
+b 10
Breakpoint 1 at 0x401490: file c:\Users\thush\github-classroom\FPC-advanced\fpc-advanced-classroom-1st-year-assignment-tfthushaar\set01\problem03.c, line 10.
+b 15
Breakpoint 2 at 0x4014a6: file c:\Users\thush\github-classroom\FPC-advanced\fpc-advanced-classroom-1st-year-assignment-tfthushaar\set01\problem03.c, line 15.
+b 20
Breakpoint 3 at 0x4014d8: file c:\Users\thush\github-classroom\FPC-advanced\fpc-advanced-classroom-1st-year-assignment-tfthushaar\set01\problem03.c, line 20.
+b 23
Breakpoint 4 at 0x401502: file c:\Users\thush\github-classroom\FPC-advanced\fpc-advanced-classroom-1st-year-assignment-tfthushaar\set01\problem03.c, line 23.
+info b
Num     Type           Disp Enb Address    What
1       breakpoint     keep y   0x00401490 in add 
                                           at c:\Users\thush\github-classroom\FPC-advanced\fpc-advanced-classroom-1st-year-assignment-tfthushaar\set01\problem03.c:10
2       breakpoint     keep y   0x004014a6 in output 
                                           at c:\Users\thush\github-classroom\FPC-advanced\fpc-advanced-classroom-1st-year-assignment-tfthushaar\set01\problem03.c:15
3       breakpoint     keep y   0x004014d8 in main 
                                           at c:\Users\thush\github-classroom\FPC-advanced\fpc-advanced-classroom-1st-year-assignment-tfthushaar\set01\problem03.c:20
4       breakpoint     keep y   0x00401502 in main 
                                           at c:\Users\thush\github-classroom\FPC-advanced\fpc-advanced-classroom-1st-year-assignment-tfthushaar\set01\problem03.c:23
+b main
Note: breakpoint 3 also set at pc 0x4014d8.
Breakpoint 5 at 0x4014d8: file c:\Users\thush\github-classroom\FPC-advanced\fpc-advanced-classroom-1st-year-assignment-tfthushaar\set01\problem03.c, line 20.
+r
Starting program: c:\Users\thush\github-classroom\FPC-advanced\fpc-advanced-classroom-1st-year-assignment-tfthushaar\set01/./problem03.exe 
[New Thread 15892.0x3518]
[New Thread 15892.0x48f4]

Breakpoint 3, main () at c:\Users\thush\github-classroom\FPC-advanced\fpc-advanced-classroom-1st-year-assignment-tfthushaar\set01\problem03.c:20
20	    num1=input();
+n
21	    num2=input();
+n
22	    result = add(num1, num2);
+n

Breakpoint 1, add (a=6422476, b=6422476)
    at c:\Users\thush\github-classroom\FPC-advanced\fpc-advanced-classroom-1st-year-assignment-tfthushaar\set01\problem03.c:11
11	    sum=a+b;
+n
12	    return sum;
+n
13	}
+n

Breakpoint 4, main () at c:\Users\thush\github-classroom\FPC-advanced\fpc-advanced-classroom-1st-year-assignment-tfthushaar\set01\problem03.c:23
23	    output(num1,num2,result);
+n

Breakpoint 2, output (a=6422476, b=6422476, sum=12844952)
    at c:\Users\thush\github-classroom\FPC-advanced\fpc-advanced-classroom-1st-year-assignment-tfthushaar\set01\problem03.c:15
15	    printf("the sum of %d and %d is %d", a, b, sum);
+n
16	}
+quit
A debugging session is active.

	Inferior 1 [process 15892] will be killed.

Quit anyway? (y or n) error return ../../gdb-7.6.1/gdb/windows-nat.c:1275 was 5
